



















Kaiyuancoin version v0.6.4.6-gbff08fa-beta (2014-01-12 18:44:57 -0600)
Startup time: 03/14/14 09:13:32
Default data directory /root/.kaiyuancoin
Used data directory /root/qian/coin/./data
Bound to [::]:55114
Bound to 0.0.0.0:55114
Loading block index...
dbenv.open LogDir=/root/qian/coin/./data/database ErrorFile=/root/qian/coin/./data/db.log
block.GetHash() = a2135e5d3b49440f7b71b51b4919787e78f1748f85b6892ee453d49166a399e5
hashGenesisBlock = a2135e5d3b49440f7b71b51b4919787e78f1748f85b6892ee453d49166a399e5
block.hashMerkleRoot = e12ffcd9ad2477ee5072f5a4be98a5d1e32d5b5b306df5d7bf2c6d90ef0302de
CBlock(hash=a2135e5d3b49440f7b71, PoW=00000a997b6c10fe640e, ver=1, hashPrevBlock=00000000000000000000, hashMerkleRoot=e12ffcd9ad, nTime=1394784846, nBits=1e0ffff0, nNonce=331270, vtx=1)
  CTransaction(hash=e12ffcd9ad, ver=1, vin.size=1, vout.size=1, nLockTime=0)
    CTxIn(COutPoint(0000000000, -1), coinbase 04ffff001d0104176b61697975616e636f696e206b61697975616e636f696e)
    CTxOut(nValue=50.00000000, scriptPubKey=040184710fa689ad5023690c80f3a4)
  vMerkleTree: e12ffcd9ad 
hashGenesisBlock = a2135e5d3b49440f7b71b51b4919787e78f1748f85b6892ee453d49166a399e5
block.GetHash() = a2135e5d3b49440f7b71b51b4919787e78f1748f85b6892ee453d49166a399e5
SetBestChain: new best=a2135e5d3b49440f7b71  height=0  work=1048592  date=03/14/14 08:14:06
 block index              71ms
Loading wallet...
nFileVersion = 60406
Performing wallet upgrade to 60000
keypool added key 1, size=1
keypool added key 2, size=2
keypool added key 3, size=3
keypool added key 4, size=4
keypool added key 5, size=5
keypool added key 6, size=6
keypool added key 7, size=7
keypool added key 8, size=8
keypool added key 9, size=9
keypool added key 10, size=10
keypool added key 11, size=11
keypool added key 12, size=12
keypool added key 13, size=13
keypool added key 14, size=14
keypool added key 15, size=15
keypool added key 16, size=16
keypool added key 17, size=17
keypool added key 18, size=18
keypool added key 19, size=19
keypool added key 20, size=20
keypool added key 21, size=21
keypool added key 22, size=22
keypool added key 23, size=23
keypool added key 24, size=24
keypool added key 25, size=25
keypool added key 26, size=26
keypool added key 27, size=27
keypool added key 28, size=28
keypool added key 29, size=29
keypool added key 30, size=30
keypool added key 31, size=31
keypool added key 32, size=32
keypool added key 33, size=33
keypool added key 34, size=34
keypool added key 35, size=35
keypool added key 36, size=36
keypool added key 37, size=37
keypool added key 38, size=38
keypool added key 39, size=39
keypool added key 40, size=40
keypool added key 41, size=41
keypool added key 42, size=42
keypool added key 43, size=43
keypool added key 44, size=44
keypool added key 45, size=45
keypool added key 46, size=46
keypool added key 47, size=47
keypool added key 48, size=48
keypool added key 49, size=49
keypool added key 50, size=50
keypool added key 51, size=51
keypool added key 52, size=52
keypool added key 53, size=53
keypool added key 54, size=54
keypool added key 55, size=55
keypool added key 56, size=56
keypool added key 57, size=57
keypool added key 58, size=58
keypool added key 59, size=59
keypool added key 60, size=60
keypool added key 61, size=61
keypool added key 62, size=62
keypool added key 63, size=63
keypool added key 64, size=64
keypool added key 65, size=65
keypool added key 66, size=66
keypool added key 67, size=67
keypool added key 68, size=68
keypool added key 69, size=69
keypool added key 70, size=70
keypool added key 71, size=71
keypool added key 72, size=72
keypool added key 73, size=73
keypool added key 74, size=74
keypool added key 75, size=75
keypool added key 76, size=76
keypool added key 77, size=77
keypool added key 78, size=78
keypool added key 79, size=79
keypool added key 80, size=80
keypool added key 81, size=81
keypool added key 82, size=82
keypool added key 83, size=83
keypool added key 84, size=84
keypool added key 85, size=85
keypool added key 86, size=86
keypool added key 87, size=87
keypool added key 88, size=88
keypool added key 89, size=89
keypool added key 90, size=90
keypool added key 91, size=91
keypool added key 92, size=92
keypool added key 93, size=93
keypool added key 94, size=94
keypool added key 95, size=95
keypool added key 96, size=96
keypool added key 97, size=97
keypool added key 98, size=98
keypool added key 99, size=99
keypool added key 100, size=100
keypool added key 101, size=101
keypool reserve 1
keypool keep 1
 wallet                 1531ms
Loading addresses...
ERROR: CAddrman::Read() : open failed
Invalid or missing peers.dat; recreating
Loaded 0 addresses from peers.dat  0ms
mapBlockIndex.size() = 1
nBestHeight = 0
setKeyPool.size() = 100
mapWallet.size() = 0
mapAddressBook.size() = 1
Done loading
ThreadRPCServer started
send version message: version 60001, blocks=0, us=0.0.0.0:0, them=0.0.0.0:0, peer=127.0.0.1:0
Error: To use the "-server" option, you must set a rpcpassword in the configuration file:
 /root/qian/coin/./data/kaiyuancoin.conf
It is recommended you use the following random password:
rpcuser=kaiyuancoinrpc
rpcpassword=DXwDDnM87suYHkHE1u6vKKZ8CfpxURZYkPEjVFCpGzw5
(you do not need to remember this password)
If the file does not exist, create it with owner-readable-only file permissions.

ThreadRPCServer exited
Flush(false)
blkindex.dat refcount=0
AddLocal(116.251.209.212:55114,1)
IPv4 venet0:0: 116.251.209.212
AddLocal([2405:4200:202::5d40:bd54]:55114,1)
IPv6 venet0: 2405:4200:202::5d40:bd54
AddLocal([2405:4200:202::4214:baeb]:55114,1)
IPv6 venet0: 2405:4200:202::4214:baeb
AddLocal([2405:4200:202::21bd:b519]:55114,1)
IPv6 venet0: 2405:4200:202::21bd:b519
AddLocal([2405:4200:202::b062:b9c5]:55114,1)
IPv6 venet0: 2405:4200:202::b062:b9c5
AddLocal([2405:4200:202::d9b:84fb]:55114,1)
IPv6 venet0: 2405:4200:202::d9b:84fb
AddLocal([2405:4200:202::e0c2:14a2]:55114,1)
IPv6 venet0: 2405:4200:202::e0c2:14a2
AddLocal([2405:4200:202::8cef:cf62]:55114,1)
IPv6 venet0: 2405:4200:202::8cef:cf62
AddLocal([2405:4200:202::be4b:140]:55114,1)
IPv6 venet0: 2405:4200:202::be4b:140
AddLocal([2405:4200:202::32bd:7d2e]:55114,1)
IPv6 venet0: 2405:4200:202::32bd:7d2e
AddLocal([2405:4200:202::fb5a:cd8e]:55114,1)
IPv6 venet0: 2405:4200:202::fb5a:cd8e
ThreadSocketHandler started
ThreadOpenAddedConnections started
ThreadOpenAddedConnections exited
ThreadOpenConnections started
ThreadMessageHandler started
ThreadDumpAddress exited
ThreadMessageHandler exited
blkindex.dat checkpoint
ThreadIRCSeed started
ThreadIRCSeed exited
ThreadDNSAddressSeed started
Loading addresses from DNS seeds (could take a while)
0 addresses found from DNS seeds
ThreadDNSAddressSeed exited
blkindex.dat closed
wallet.dat refcount=0
wallet.dat checkpoint
wallet.dat detach
wallet.dat closed
DBFlush(false) ended               5ms
StopNode()
ThreadSocketHandler exited
Flushed 0 addresses to peers.dat  12ms
Flush(true)
DBFlush(true) ended               0ms
Kaiyuancoin exited





















Kaiyuancoin version v0.6.4.6-gbff08fa-beta (2014-01-12 18:44:57 -0600)
Startup time: 03/14/14 09:22:59
Default data directory /root/.kaiyuancoin
Used data directory /root/src/coin/./data
Bound to [::]:55114
Bound to 0.0.0.0:55114
Loading block index...
dbenv.open LogDir=/root/src/coin/./data/database ErrorFile=/root/src/coin/./data/db.log
LoadBlockIndex(): hashBestChain=a2135e5d3b49440f7b71  height=0  date=03/14/14 08:14:06
Verifying last 0 blocks at level 1
 block index              17ms
Loading wallet...
nFileVersion = 60406
 wallet                  156ms
Loading addresses...
Loaded 0 addresses from peers.dat  0ms
mapBlockIndex.size() = 1
nBestHeight = 0
setKeyPool.size() = 100
mapWallet.size() = 0
mapAddressBook.size() = 1
Done loading
ThreadRPCServer started
Error: To use the "-server" option, you must set a rpcpassword in the configuration file:
 /root/src/coin/./data/kaiyuancoin.conf
It is recommended you use the following random password:
rpcuser=kaiyuancoinrpc
rpcpassword=GWKd3o925DFv9BMiTKnviCfG2GttFBasNiEQDpUfRsGT
(you do not need to remember this password)
If the file does not exist, create it with owner-readable-only file permissions.

send version message: version 60001, blocks=0, us=0.0.0.0:0, them=0.0.0.0:0, peer=127.0.0.1:0
ThreadRPCServer exited
Flush(false)
ThreadIRCSeed started
ThreadIRCSeed exited
blkindex.dat refcount=0
ThreadDNSAddressSeed started
Loading addresses from DNS seeds (could take a while)
0 addresses found from DNS seeds
ThreadDNSAddressSeed exited
ThreadOpenAddedConnections started
ThreadOpenAddedConnections exited
blkindex.dat checkpoint
ThreadOpenConnections started
ThreadMessageHandler started
ThreadMessageHandler exited
ThreadSocketHandler started
ThreadDumpAddress exited
blkindex.dat closed
wallet.dat refcount=0
wallet.dat checkpoint
wallet.dat detach
wallet.dat closed
DBFlush(false) ended               6ms
StopNode()
ThreadSocketHandler exited
Flushed 0 addresses to peers.dat  2ms
Flush(true)
DBFlush(true) ended               0ms
Kaiyuancoin exited





















Kaiyuancoin version v0.6.4.6-gbff08fa-beta (2014-01-12 18:44:57 -0600)
Startup time: 03/14/14 09:23:49
Default data directory /root/.kaiyuancoin
Used data directory /root/src/coin/./data
Bound to [::]:55114
Bound to 0.0.0.0:55114
Loading block index...
dbenv.open LogDir=/root/src/coin/./data/database ErrorFile=/root/src/coin/./data/db.log
LoadBlockIndex(): hashBestChain=a2135e5d3b49440f7b71  height=0  date=03/14/14 08:14:06
Verifying last 0 blocks at level 1
 block index              17ms
Loading wallet...
nFileVersion = 60406
 wallet                  167ms
Loading addresses...
Loaded 0 addresses from peers.dat  0ms
mapBlockIndex.size() = 1
nBestHeight = 0
setKeyPool.size() = 100
mapWallet.size() = 0
mapAddressBook.size() = 1
Done loading
ThreadRPCServer started
send version message: version 60001, blocks=0, us=0.0.0.0:0, them=0.0.0.0:0, peer=127.0.0.1:0
ThreadDNSAddressSeed started
Loading addresses from DNS seeds (could take a while)
0 addresses found from DNS seeds
ThreadDNSAddressSeed exited
ThreadIRCSeed started
ThreadSocketHandler started
ThreadOpenAddedConnections started
ThreadOpenConnections started
ThreadMessageHandler started
trying connection 116.251.209.212:55114 lastseen=359663.6hrs
Flushed 0 addresses to peers.dat  1ms
connected 116.251.209.212:55114
send version message: version 60001, blocks=0, us=0.0.0.0:0, them=116.251.209.212:55114, peer=116.251.209.212:55114
Added time data, samples 2, offset -1 (+0 minutes)
receive version message: version 60001, blocks=0, us=1.93.14.127:36098, them=116.251.209.212:55115, peer=116.251.209.212:55114
getblocks -1 to 00000000000000000000 limit 500
recv failed: 104
ERROR: GetMyExternalIP() : connection closed
IRC :hub.smutfairy.com NOTICE AUTH :*** Looking up your hostname...
IRC :hub.smutfairy.com NOTICE AUTH :*** Couldn't look up your hostname
IRC SENDING: NICK x117395962
IRC SENDING: USER x117395962 8 * : x117395962
IRC :hub.smutfairy.com 001 x117395962 :Welcome to the LFNet Internet Relay Chat Network x117395962
IRC :hub.smutfairy.com 002 x117395962 :Your host is hub.smutfairy.com[62.210.131.147/6667], running version hybrid-7.2.3
IRC :hub.smutfairy.com 003 x117395962 :This server was created Dec 10 2013 at 18:26:04
IRC :hub.smutfairy.com 004 x117395962 hub.smutfairy.com hybrid-7.2.3 CDGabcdfgiklnorsuwxyz biklmnopstveI bkloveI
IRC SENDING: USERHOST x117395962
IRC :hub.smutfairy.com 302 x117395962 :x117395962=+x117395962@1.93.14.127 
GetIPFromIRC() got userhost 1.93.14.127
GetIPFromIRC() returned 1.93.14.127
AddLocal(1.93.14.127:55114,4)
IRC SENDING: NICK u5ShNNytPYBDeY
IRC SENDING: JOIN #kaiyuancoininvasion00
IRC SENDING: WHO #kaiyuancoininvasion00
IRC got join
Added 1.93.14.127:55114 from 62.210.131.147: 0 tried, 1 new
IRC got new address: 1.93.14.127:55114
IRC got who
IRC got who
connection timeout
ERROR: GetMyExternalIP() : connection to 74.208.43.192:80 failed
recv failed: 104
ERROR: GetMyExternalIP() : connection closed
connection timeout
ERROR: GetMyExternalIP() : connection to 212.117.175.194:80 failed
ThreadRPCServer method=getinfo
keypool added key 102, size=101
keypool reserve 2
keypool return 2
Flushing wallet.dat
Flushed wallet.dat 2ms
ThreadRPCServer method=getinfo
keypool reserve 2
keypool return 2
Flushed 1 addresses to peers.dat  1ms
